Performing C SOURCE FILE Test CMAKE_HAVE_LIBC_PTHREAD failed with the following output:
Change Dir: /home/dmz/Baidu/convex_generation/build/CMakeFiles/CMakeScratch/TryCompile-QqejDS

Run Build Command(s):/usr/bin/make -f Makefile cmTC_2a7f8/fast && /usr/bin/make  -f CMakeFiles/cmTC_2a7f8.dir/build.make CMakeFiles/cmTC_2a7f8.dir/build
make[1]: Entering directory '/home/dmz/Baidu/convex_generation/build/CMakeFiles/CMakeScratch/TryCompile-QqejDS'
Building C object CMakeFiles/cmTC_2a7f8.dir/src.c.o
/usr/bin/cc -DCMAKE_HAVE_LIBC_PTHREAD   -o CMakeFiles/cmTC_2a7f8.dir/src.c.o -c /home/dmz/Baidu/convex_generation/build/CMakeFiles/CMakeScratch/TryCompile-QqejDS/src.c
Linking C executable cmTC_2a7f8
/usr/bin/cmake -E cmake_link_script CMakeFiles/cmTC_2a7f8.dir/link.txt --verbose=1
/usr/bin/cc CMakeFiles/cmTC_2a7f8.dir/src.c.o -o cmTC_2a7f8 
CMakeFiles/cmTC_2a7f8.dir/src.c.o: In function `main':
src.c:(.text+0x3e): undefined reference to `pthread_create'
src.c:(.text+0x4a): undefined reference to `pthread_detach'
src.c:(.text+0x56): undefined reference to `pthread_cancel'
src.c:(.text+0x67): undefined reference to `pthread_join'
src.c:(.text+0x7b): undefined reference to `pthread_atfork'
collect2: error: ld returned 1 exit status
CMakeFiles/cmTC_2a7f8.dir/build.make:98: recipe for target 'cmTC_2a7f8' failed
make[1]: *** [cmTC_2a7f8] Error 1
make[1]: Leaving directory '/home/dmz/Baidu/convex_generation/build/CMakeFiles/CMakeScratch/TryCompile-QqejDS'
Makefile:127: recipe for target 'cmTC_2a7f8/fast' failed
make: *** [cmTC_2a7f8/fast] Error 2


Source file was:
#include <pthread.h>

static void* test_func(void* data)
{
  return data;
}

int main(void)
{
  pthread_t thread;
  pthread_create(&thread, NULL, test_func, NULL);
  pthread_detach(thread);
  pthread_cancel(thread);
  pthread_join(thread, NULL);
  pthread_atfork(NULL, NULL, NULL);
  pthread_exit(NULL);

  return 0;
}


Determining if the function pthread_create exists in the pthreads failed with the following output:
Change Dir: /home/dmz/Baidu/convex_generation/build/CMakeFiles/CMakeScratch/TryCompile-T8CNXb

Run Build Command(s):/usr/bin/make -f Makefile cmTC_9585f/fast && /usr/bin/make  -f CMakeFiles/cmTC_9585f.dir/build.make CMakeFiles/cmTC_9585f.dir/build
make[1]: Entering directory '/home/dmz/Baidu/convex_generation/build/CMakeFiles/CMakeScratch/TryCompile-T8CNXb'
Building C object CMakeFiles/cmTC_9585f.dir/CheckFunctionExists.c.o
/usr/bin/cc   -DCHECK_FUNCTION_EXISTS=pthread_create -o CMakeFiles/cmTC_9585f.dir/CheckFunctionExists.c.o -c /home/dmz/Baidu/convex_generation/build/CMakeFiles/CMakeScratch/TryCompile-T8CNXb/CheckFunctionExists.c
Linking C executable cmTC_9585f
/usr/bin/cmake -E cmake_link_script CMakeFiles/cmTC_9585f.dir/link.txt --verbose=1
/usr/bin/cc  -DCHECK_FUNCTION_EXISTS=pthread_create CMakeFiles/cmTC_9585f.dir/CheckFunctionExists.c.o -o cmTC_9585f  -lpthreads 
/usr/bin/ld: cannot find -lpthreads
collect2: error: ld returned 1 exit status
CMakeFiles/cmTC_9585f.dir/build.make:98: recipe for target 'cmTC_9585f' failed
make[1]: *** [cmTC_9585f] Error 1
make[1]: Leaving directory '/home/dmz/Baidu/convex_generation/build/CMakeFiles/CMakeScratch/TryCompile-T8CNXb'
Makefile:127: recipe for target 'cmTC_9585f/fast' failed
make: *** [cmTC_9585f/fast] Error 2



